Unity Editor version:    2021.3.17f1 (3e8111cac19d)
Branch:                  2021.3/release
Build type:              Release
Batch mode:              YES
macOS version:           Version 12.4 (Build 21F79)
Darwin version:          21.5.0
Architecture:            x86_64
Running under Rosetta:   NO
Available memory:        16384 MB
Using pre-set license
Pro License: YES

COMMAND LINE ARGUMENTS:
/Applications/Unity/Hub/Editor/2021.3.17f1/Unity.app/Contents/MacOS/Unity
-adb2
-batchMode
-noUpm
-name
AssetImportWorker0
-projectPath
/System/Volumes/Data/1hao/三次元/游戏设计/programming for games/Navigation System HW/Week 3 Nav HW
-logFile
Logs/AssetImportWorker0.log
-srvPort
57623
Successfully changed project path to: /System/Volumes/Data/1hao/三次元/游戏设计/programming for games/Navigation System HW/Week 3 Nav HW
/System/Volumes/Data/1hao/三次元/游戏设计/programming for games/Navigation System HW/Week 3 Nav HW
[UnityMemory] Configuration Parameters - Can be set up in boot.config
    "memorysetup-bucket-allocator-granularity=16"
    "memorysetup-bucket-allocator-bucket-count=8"
    "memorysetup-bucket-allocator-block-size=33554432"
    "memorysetup-bucket-allocator-block-count=8"
    "memorysetup-main-allocator-block-size=16777216"
    "memorysetup-thread-allocator-block-size=16777216"
    "memorysetup-gfx-main-allocator-block-size=16777216"
    "memorysetup-gfx-thread-allocator-block-size=16777216"
    "memorysetup-cache-allocator-block-size=4194304"
    "memorysetup-typetree-allocator-block-size=2097152"
    "memorysetup-profiler-bucket-allocator-granularity=16"
    "memorysetup-profiler-bucket-allocator-bucket-count=8"
    "memorysetup-profiler-bucket-allocator-block-size=33554432"
    "memorysetup-profiler-bucket-allocator-block-count=8"
    "memorysetup-profiler-allocator-block-size=16777216"
    "memorysetup-profiler-editor-allocator-block-size=1048576"
    "memorysetup-temp-allocator-size-main=16777216"
    "memorysetup-job-temp-allocator-block-size=2097152"
    "memorysetup-job-temp-allocator-block-size-background=1048576"
    "memorysetup-job-temp-allocator-reduction-small-platforms=262144"
    "memorysetup-temp-allocator-size-background-worker=32768"
    "memorysetup-temp-allocator-size-job-worker=262144"
    "memorysetup-temp-allocator-size-preload-manager=33554432"
    "memorysetup-temp-allocator-size-nav-mesh-worker=65536"
    "memorysetup-temp-allocator-size-audio-worker=65536"
    "memorysetup-temp-allocator-size-cloud-worker=32768"
    "memorysetup-temp-allocator-size-gi-baking-worker=262144"
    "memorysetup-temp-allocator-size-gfx=262144"
Player connection [4716238336] Host "[IP] 192.168.1.125 [Port] 0 [Flags] 2 [Guid] 599423914 [EditorId] 599423914 [Version] 1048832 [Id] OSXEditor(0,MacBook-Pro.verizon.net) [Debug] 1 [PackageName] OSXEditor [ProjectName] Editor" joined multi-casting on [225.0.0.222:54997]...

Player connection [4716238336] Host "[IP] 192.168.1.125 [Port] 0 [Flags] 2 [Guid] 599423914 [EditorId] 599423914 [Version] 1048832 [Id] OSXEditor(0,MacBook-Pro.verizon.net) [Debug] 1 [PackageName] OSXEditor [ProjectName] Editor" joined alternative multi-casting on [225.0.0.222:34997]...

Refreshing native plugins compatible for Editor in 91.03 ms, found 2 plugins.
Preloading 0 native plugins for Editor in 0.00 ms.
Initialize engine version: 2021.3.17f1 (3e8111cac19d)
[Subsystems] Discovering subsystems at path /Applications/Unity/Hub/Editor/2021.3.17f1/Unity.app/Contents/Resources/UnitySubsystems
[Subsystems] Discovering subsystems at path /System/Volumes/Data/1hao/三次元/游戏设计/programming for games/Navigation System HW/Week 3 Nav HW/Assets
GfxDevice: creating device client; threaded=0; jobified=0
Color LCD preferred device: AMD Radeon Pro 560X (high power)
Metal devices available: 2
0: AMD Radeon Pro 560X (high power)
1: Intel(R) UHD Graphics 630 (low power)
Using device AMD Radeon Pro 560X (high power)
Initializing Metal device caps: AMD Radeon Pro 560X
Initialize mono
Mono path[0] = '/Applications/Unity/Hub/Editor/2021.3.17f1/Unity.app/Contents/Managed'
Mono path[1] = '/Applications/Unity/Hub/Editor/2021.3.17f1/Unity.app/Contents/MonoBleedingEdge/lib/mono/unityjit-macos'
Mono config path = '/Applications/Unity/Hub/Editor/2021.3.17f1/Unity.app/Contents/MonoBleedingEdge/etc'
Using monoOptions --debugger-agent=transport=dt_socket,embedding=1,server=y,suspend=n,address=127.0.0.1:56323
Begin MonoManager ReloadAssembly
Registering precompiled unity dll's ...
Register platform support module: /Applications/Unity/Hub/Editor/2021.3.17f1/PlaybackEngines/WebGLSupport/UnityEditor.WebGL.Extensions.dll
Register platform support module: /Applications/Unity/Hub/Editor/2021.3.17f1/Unity.app/Contents/PlaybackEngines/MacStandaloneSupport/UnityEditor.OSXStandalone.Extensions.dll
Registered in 0.000806 seconds.
Native extension for OSXStandalone target not found
Native extension for WebGL target not found
Refreshing native plugins compatible for Editor in 84.23 ms, found 2 plugins.
Preloading 0 native plugins for Editor in 0.00 ms.
Mono: successfully reloaded assembly
- Completed reload, in  0.807 seconds
Domain Reload Profiling:
	ReloadAssembly (808ms)
		BeginReloadAssembly (127ms)
			ExecutionOrderSort (0ms)
			DisableScriptedObjects (0ms)
			BackupInstance (0ms)
			ReleaseScriptingObjects (0ms)
			CreateAndSetChildDomain (1ms)
		EndReloadAssembly (543ms)
			LoadAssemblies (129ms)
			RebuildTransferFunctionScriptingTraits (0ms)
			SetupTypeCache (143ms)
			ReleaseScriptCaches (0ms)
			RebuildScriptCaches (34ms)
			SetupLoadedEditorAssemblies (310ms)
				LogAssemblyErrors (0ms)
				InitializePlatformSupportModulesInManaged (8ms)
				SetLoadedEditorAssemblies (0ms)
				RefreshPlugins (84ms)
				BeforeProcessingInitializeOnLoad (1ms)
				ProcessInitializeOnLoadAttributes (169ms)
				ProcessInitializeOnLoadMethodAttributes (48ms)
				AfterProcessingInitializeOnLoad (0ms)
				EditorAssembliesLoaded (0ms)
			ExecutionOrderSort2 (0ms)
			AwakeInstancesAfterBackupRestoration (0ms)
Platform modules already initialized, skipping
Registering precompiled user dll's ...
Registered in 0.013635 seconds.
Begin MonoManager ReloadAssembly
Symbol file LoadedFromMemory doesn't match image /System/Volumes/Data/1hao/三次元/游戏设计/programming for games/Navigation System HW/Week 3 Nav HW/Library/PackageCache/com.unity.visualscripting@1.8.0/Editor/VisualScripting.Core/Dependencies/YamlDotNet/Unity.VisualScripting.YamlDotNet.dll
Symbol file LoadedFromMemory doesn't match image /System/Volumes/Data/1hao/三次元/游戏设计/programming for games/Navigation System HW/Week 3 Nav HW/Library/PackageCache/com.unity.visualscripting@1.8.0/Editor/VisualScripting.Core/Dependencies/DotNetZip/Unity.VisualScripting.IonicZip.dll
Native extension for OSXStandalone target not found
Native extension for WebGL target not found
Refreshing native plugins compatible for Editor in 0.49 ms, found 2 plugins.
Preloading 0 native plugins for Editor in 0.00 ms.
Mono: successfully reloaded assembly
- Completed reload, in  1.281 seconds
Domain Reload Profiling:
	ReloadAssembly (1282ms)
		BeginReloadAssembly (115ms)
			ExecutionOrderSort (0ms)
			DisableScriptedObjects (8ms)
			BackupInstance (0ms)
			ReleaseScriptingObjects (0ms)
			CreateAndSetChildDomain (30ms)
		EndReloadAssembly (1002ms)
			LoadAssemblies (107ms)
			RebuildTransferFunctionScriptingTraits (0ms)
			SetupTypeCache (360ms)
			ReleaseScriptCaches (1ms)
			RebuildScriptCaches (65ms)
			SetupLoadedEditorAssemblies (412ms)
				LogAssemblyErrors (0ms)
				InitializePlatformSupportModulesInManaged (5ms)
				SetLoadedEditorAssemblies (1ms)
				RefreshPlugins (1ms)
				BeforeProcessingInitializeOnLoad (81ms)
				ProcessInitializeOnLoadAttributes (291ms)
				ProcessInitializeOnLoadMethodAttributes (33ms)
				AfterProcessingInitializeOnLoad (1ms)
				EditorAssembliesLoaded (0ms)
			ExecutionOrderSort2 (0ms)
			AwakeInstancesAfterBackupRestoration (5ms)
Platform modules already initialized, skipping
========================================================================
Worker process is ready to serve import requests
Launching external process: /Applications/Unity/Hub/Editor/2021.3.17f1/Unity.app/Contents/Tools/UnityShaderCompiler
Launched and connected shader compiler UnityShaderCompiler after 0.06 seconds
Refreshing native plugins compatible for Editor in 0.55 ms, found 2 plugins.
Preloading 0 native plugins for Editor in 0.00 ms.
Unloading 3434 Unused Serialized files (Serialized files now loaded: 0)
Unloading 26 unused Assets / (65.8 KB). Loaded Objects now: 3892.
Memory consumption went from 115.5 MB to 115.4 MB.
Total: 4.155206 ms (FindLiveObjects: 0.316888 ms CreateObjectMapping: 0.341734 ms MarkObjects: 3.381949 ms  DeleteObjects: 0.113590 ms)

AssetImportParameters requested are different than current active one (requested -> active):
  custom:video-decoder-ogg-theora: a1e56fd34408186e4bbccfd4996cb3dc -> 
  custom:container-muxer-webm: aa71ff27fc2769a1b78a27578f13a17b -> 
  custom:container-demuxer-webm: 4f35f7cbe854078d1ac9338744f61a02 -> 
  custom:video-encoder-webm-vp8: eb34c28f22e8b96e1ab97ce403110664 -> 
  custom:framework-osx-AVFoundation: e770b220cccbd017edd2c1fefb359320 -> 
  custom:audio-encoder-webm-vorbis: bf7c407c2cedff20999df2af8eb42d56 -> 
  custom:container-demuxer-ogg: 62fdf1f143b41e24485cea50d1cbac27 -> 
  custom:video-decoder-webm-vp8: 9c59270c3fd7afecdb556c50c9e8de78 -> 
  custom:audio-decoder-ogg-vorbis: bf7c407c2cedff20999df2af8eb42d56 -> 
========================================================================
Received Import Request.
  Time since last request: 204411.120461 seconds.
  path: Assets/script
  artifactKey: Guid(71a304779c46d4bda85e11ba7e36e8e7) Importer(815301076,1909f56bfc062723c751e8b465ee728b)
Start importing Assets/script using Guid(71a304779c46d4bda85e11ba7e36e8e7) Importer(815301076,1909f56bfc062723c751e8b465ee728b)  -> (artifact id: 'f4177ba1c961432f4b36157221edea2f') in 0.010070 seconds 
========================================================================
Received Import Request.
  Time since last request: 3.336721 seconds.
  path: Assets/script/Enemy.cs
  artifactKey: Guid(2657f9eec38c14769b7fb0e3b4219d7f) Importer(815301076,1909f56bfc062723c751e8b465ee728b)
Start importing Assets/script/Enemy.cs using Guid(2657f9eec38c14769b7fb0e3b4219d7f) Importer(815301076,1909f56bfc062723c751e8b465ee728b)  -> (artifact id: 'c08035d54eed0dd2f43daa07f8b85b1b') in 1.525572 seconds 
========================================================================
Received Import Request.
  Time since last request: 62.554951 seconds.
  path: Assets/asset
  artifactKey: Guid(1422e98f304b9439989a7246283eca8c) Importer(815301076,1909f56bfc062723c751e8b465ee728b)
Start importing Assets/asset using Guid(1422e98f304b9439989a7246283eca8c) Importer(815301076,1909f56bfc062723c751e8b465ee728b)  -> (artifact id: '8a6217174273b08d55f92b2373babb88') in 0.001110 seconds 
========================================================================
Received Import Request.
  Time since last request: 0.100277 seconds.
  path: Assets/asset/2bullet.png
  artifactKey: Guid(710c9d8b1742e48ce91e0cc752e9cf09) Importer(815301076,1909f56bfc062723c751e8b465ee728b)
Start importing Assets/asset/2bullet.png using Guid(710c9d8b1742e48ce91e0cc752e9cf09) Importer(815301076,1909f56bfc062723c751e8b465ee728b)  -> (artifact id: 'b5b63b1b378e23856d363d6ec19661ce') in 0.847395 seconds 
========================================================================
Received Import Request.
  Time since last request: 0.000133 seconds.
  path: Assets/asset/turret_2_BASE.png
  artifactKey: Guid(e343db507afb749109569383c4b66368) Importer(815301076,1909f56bfc062723c751e8b465ee728b)
Start importing Assets/asset/turret_2_BASE.png using Guid(e343db507afb749109569383c4b66368) Importer(815301076,1909f56bfc062723c751e8b465ee728b)  -> (artifact id: '112bd7d850ae031aa2073d4d48703855') in 0.025614 seconds 
========================================================================
Received Import Request.
  Time since last request: 0.000064 seconds.
  path: Assets/asset/blinkyFungi1.png
  artifactKey: Guid(8f82914aaea384576a5bfa12fcd0e3cd) Importer(815301076,1909f56bfc062723c751e8b465ee728b)
Start importing Assets/asset/blinkyFungi1.png using Guid(8f82914aaea384576a5bfa12fcd0e3cd) Importer(815301076,1909f56bfc062723c751e8b465ee728b)  -> (artifact id: '782bd2124b6c10b39a817ff6434a5d72') in 0.077118 seconds 
========================================================================
Received Import Request.
  Time since last request: 0.000065 seconds.
  path: Assets/asset/hit1.png
  artifactKey: Guid(daa6b8832c688477dbb764c419ede106) Importer(815301076,1909f56bfc062723c751e8b465ee728b)
Start importing Assets/asset/hit1.png using Guid(daa6b8832c688477dbb764c419ede106) Importer(815301076,1909f56bfc062723c751e8b465ee728b)  -> (artifact id: '468142bd5b33e31792845db93abfedfc') in 0.028221 seconds 
========================================================================
Received Import Request.
  Time since last request: 0.000067 seconds.
  path: Assets/asset/sdHit.mp3
  artifactKey: Guid(f14fcff7bb700430f91e9109b20b39c5) Importer(815301076,1909f56bfc062723c751e8b465ee728b)
Start importing Assets/asset/sdHit.mp3 using Guid(f14fcff7bb700430f91e9109b20b39c5) Importer(815301076,1909f56bfc062723c751e8b465ee728b)  -> (artifact id: '71269d705db03f7aaca00281703b519f') in 1.482324 seconds 
========================================================================
Received Import Request.
  Time since last request: 0.000111 seconds.
  path: Assets/asset/5bomb.png
  artifactKey: Guid(75fad9313d4784a80902b004f457d528) Importer(815301076,1909f56bfc062723c751e8b465ee728b)
Start importing Assets/asset/5bomb.png using Guid(75fad9313d4784a80902b004f457d528) Importer(815301076,1909f56bfc062723c751e8b465ee728b)  -> (artifact id: 'af8020f7a3c774b4f5c0fb8db96622b3') in 0.012761 seconds 
========================================================================
Received Import Request.
  Time since last request: 0.000043 seconds.
  path: Assets/asset/bigboi0.png
  artifactKey: Guid(a33348bab7bbd445ea343b1cbb020af9) Importer(815301076,1909f56bfc062723c751e8b465ee728b)
Start importing Assets/asset/bigboi0.png using Guid(a33348bab7bbd445ea343b1cbb020af9) Importer(815301076,1909f56bfc062723c751e8b465ee728b)  -> (artifact id: 'b610882f9c98b5bd7a8919a8ae86e4fd') in 0.062251 seconds 
========================================================================
Received Import Request.
  Time since last request: 0.000085 seconds.
  path: Assets/asset/bunnyBarrel1.png
  artifactKey: Guid(cbba9129c01714c62b44b6979da530e4) Importer(815301076,1909f56bfc062723c751e8b465ee728b)
Start importing Assets/asset/bunnyBarrel1.png using Guid(cbba9129c01714c62b44b6979da530e4) Importer(815301076,1909f56bfc062723c751e8b465ee728b)  -> (artifact id: '32aa47862ed9d5c117bced10114d1e38') in 0.047884 seconds 
========================================================================
Received Import Request.
  Time since last request: 0.000058 seconds.
  path: Assets/asset/hit0.png
  artifactKey: Guid(83a3550e490ad448182ecfb4c62a3bdf) Importer(815301076,1909f56bfc062723c751e8b465ee728b)
Start importing Assets/asset/hit0.png using Guid(83a3550e490ad448182ecfb4c62a3bdf) Importer(815301076,1909f56bfc062723c751e8b465ee728b)  -> (artifact id: '6ac9ab6d8973200f1d0da79df743d737') in 0.042016 seconds 
========================================================================
Received Import Request.
  Time since last request: 0.000053 seconds.
  path: Assets/asset/turret_2_HEAD.png
  artifactKey: Guid(bf35ba31839cf42b090c84dc0f29c522) Importer(815301076,1909f56bfc062723c751e8b465ee728b)
Start importing Assets/asset/turret_2_HEAD.png using Guid(bf35ba31839cf42b090c84dc0f29c522) Importer(815301076,1909f56bfc062723c751e8b465ee728b)  -> (artifact id: 'a73e3208f863326633add0bd07e39f65') in 0.013871 seconds 
========================================================================
Received Import Request.
  Time since last request: 0.000054 seconds.
  path: Assets/asset/turret_3_BASE.png
  artifactKey: Guid(d5367c92398ff42ffbdcfb2cda31cc7c) Importer(815301076,1909f56bfc062723c751e8b465ee728b)
Start importing Assets/asset/turret_3_BASE.png using Guid(d5367c92398ff42ffbdcfb2cda31cc7c) Importer(815301076,1909f56bfc062723c751e8b465ee728b)  -> (artifact id: '3025c3b74108be94a1a20e870564b48c') in 0.010788 seconds 
========================================================================
Received Import Request.
  Time since last request: 0.000051 seconds.
  path: Assets/asset/Slice_of_Life.mp3
  artifactKey: Guid(ff96e16f2ceac42f69f286ebab22da4f) Importer(815301076,1909f56bfc062723c751e8b465ee728b)
Start importing Assets/asset/Slice_of_Life.mp3 using Guid(ff96e16f2ceac42f69f286ebab22da4f) Importer(815301076,1909f56bfc062723c751e8b465ee728b)  -> (artifact id: '289b6c0406ecfa267e028bb2807ecb18') in 0.009126 seconds 
========================================================================
Received Import Request.
  Time since last request: 0.000059 seconds.
  path: Assets/asset/hit5.png
  artifactKey: Guid(51ad5ed625c4549aaa8eab4f04fd1a3e) Importer(815301076,1909f56bfc062723c751e8b465ee728b)
Start importing Assets/asset/hit5.png using Guid(51ad5ed625c4549aaa8eab4f04fd1a3e) Importer(815301076,1909f56bfc062723c751e8b465ee728b)  -> (artifact id: '841d3669fc8a1427deb896289c863f04') in 0.029666 seconds 
========================================================================
Received Import Request.
  Time since last request: 0.000093 seconds.
  path: Assets/asset/pumpkinGhost1.png
  artifactKey: Guid(bbe7a2a53e46342aba61445c2dba70a3) Importer(815301076,1909f56bfc062723c751e8b465ee728b)
Start importing Assets/asset/pumpkinGhost1.png using Guid(bbe7a2a53e46342aba61445c2dba70a3) Importer(815301076,1909f56bfc062723c751e8b465ee728b)  -> (artifact id: 'ab72cfbcb36f6bfcbf8571bd3a7f03e1') in 0.094173 seconds 
========================================================================
Received Import Request.
  Time since last request: 12.614350 seconds.
  path: Assets/asset/2bullet.png
  artifactKey: Guid(710c9d8b1742e48ce91e0cc752e9cf09) Importer(815301076,1909f56bfc062723c751e8b465ee728b)
Start importing Assets/asset/2bullet.png using Guid(710c9d8b1742e48ce91e0cc752e9cf09) Importer(815301076,1909f56bfc062723c751e8b465ee728b)  -> (artifact id: 'de071f530a4da54cb7fa72a4faef3fce') in 0.050865 seconds 
========================================================================
Received Import Request.
  Time since last request: 0.000074 seconds.
  path: Assets/asset/turret_2_BASE.png
  artifactKey: Guid(e343db507afb749109569383c4b66368) Importer(815301076,1909f56bfc062723c751e8b465ee728b)
Start importing Assets/asset/turret_2_BASE.png using Guid(e343db507afb749109569383c4b66368) Importer(815301076,1909f56bfc062723c751e8b465ee728b)  -> (artifact id: '00a9c2b915729386552eca923b8d95b2') in 0.179977 seconds 
========================================================================
Received Import Request.
  Time since last request: 0.000059 seconds.
  path: Assets/asset/turret_2_HEAD.png
  artifactKey: Guid(bf35ba31839cf42b090c84dc0f29c522) Importer(815301076,1909f56bfc062723c751e8b465ee728b)
Start importing Assets/asset/turret_2_HEAD.png using Guid(bf35ba31839cf42b090c84dc0f29c522) Importer(815301076,1909f56bfc062723c751e8b465ee728b)  -> (artifact id: '700ca0cba4e99b860166dad57767c17f') in 0.164654 seconds 
========================================================================
Received Import Request.
  Time since last request: 0.000125 seconds.
  path: Assets/asset/turretBase.png
  artifactKey: Guid(f16fd8b0fc7a84304bd87771b54af66f) Importer(815301076,1909f56bfc062723c751e8b465ee728b)
Start importing Assets/asset/turretBase.png using Guid(f16fd8b0fc7a84304bd87771b54af66f) Importer(815301076,1909f56bfc062723c751e8b465ee728b)  -> (artifact id: '4141b73a88acb7b7e249929c3e50c6a9') in 0.034223 seconds 
========================================================================
Received Prepare
Registering precompiled user dll's ...
Registered in 0.002219 seconds.
Begin MonoManager ReloadAssembly
Symbol file LoadedFromMemory doesn't match image /System/Volumes/Data/1hao/三次元/游戏设计/programming for games/Navigation System HW/Week 3 Nav HW/Library/PackageCache/com.unity.visualscripting@1.8.0/Editor/VisualScripting.Core/Dependencies/YamlDotNet/Unity.VisualScripting.YamlDotNet.dll
Symbol file LoadedFromMemory doesn't match image /System/Volumes/Data/1hao/三次元/游戏设计/programming for games/Navigation System HW/Week 3 Nav HW/Library/PackageCache/com.unity.visualscripting@1.8.0/Editor/VisualScripting.Core/Dependencies/DotNetZip/Unity.VisualScripting.IonicZip.dll
Native extension for OSXStandalone target not found
Native extension for WebGL target not found
Refreshing native plugins compatible for Editor in 0.67 ms, found 2 plugins.
Preloading 0 native plugins for Editor in 0.00 ms.
Mono: successfully reloaded assembly
- Completed reload, in  1.570 seconds
Domain Reload Profiling:
	ReloadAssembly (1570ms)
		BeginReloadAssembly (226ms)
			ExecutionOrderSort (0ms)
			DisableScriptedObjects (8ms)
			BackupInstance (0ms)
			ReleaseScriptingObjects (0ms)
			CreateAndSetChildDomain (116ms)
		EndReloadAssembly (1193ms)
			LoadAssemblies (94ms)
			RebuildTransferFunctionScriptingTraits (0ms)
			SetupTypeCache (490ms)
			ReleaseScriptCaches (2ms)
			RebuildScriptCaches (66ms)
			SetupLoadedEditorAssemblies (467ms)
				LogAssemblyErrors (0ms)
				InitializePlatformSupportModulesInManaged (14ms)
				SetLoadedEditorAssemblies (1ms)
				RefreshPlugins (1ms)
				BeforeProcessingInitializeOnLoad (80ms)
				ProcessInitializeOnLoadAttributes (335ms)
				ProcessInitializeOnLoadMethodAttributes (35ms)
				AfterProcessingInitializeOnLoad (1ms)
				EditorAssembliesLoaded (0ms)
			ExecutionOrderSort2 (0ms)
			AwakeInstancesAfterBackupRestoration (6ms)
Platform modules already initialized, skipping
Refreshing native plugins compatible for Editor in 1.51 ms, found 2 plugins.
Preloading 0 native plugins for Editor in 0.00 ms.
Unloading 3415 Unused Serialized files (Serialized files now loaded: 0)
Unloading 19 unused Assets / (45.7 KB). Loaded Objects now: 3930.
Memory consumption went from 128.5 MB to 128.4 MB.
Total: 3.933951 ms (FindLiveObjects: 0.310891 ms CreateObjectMapping: 0.236230 ms MarkObjects: 3.285765 ms  DeleteObjects: 0.100120 ms)

AssetImportParameters requested are different than current active one (requested -> active):
  custom:video-decoder-ogg-theora: a1e56fd34408186e4bbccfd4996cb3dc -> 
  custom:container-muxer-webm: aa71ff27fc2769a1b78a27578f13a17b -> 
  custom:container-demuxer-webm: 4f35f7cbe854078d1ac9338744f61a02 -> 
  custom:video-encoder-webm-vp8: eb34c28f22e8b96e1ab97ce403110664 -> 
  custom:framework-osx-AVFoundation: e770b220cccbd017edd2c1fefb359320 -> 
  custom:audio-encoder-webm-vorbis: bf7c407c2cedff20999df2af8eb42d56 -> 
  custom:container-demuxer-ogg: 62fdf1f143b41e24485cea50d1cbac27 -> 
  custom:video-decoder-webm-vp8: 9c59270c3fd7afecdb556c50c9e8de78 -> 
  custom:audio-decoder-ogg-vorbis: bf7c407c2cedff20999df2af8eb42d56 -> 
========================================================================
Received Import Request.
  Time since last request: 64.031127 seconds.
  path: Assets/asset/5bomb.png
  artifactKey: Guid(75fad9313d4784a80902b004f457d528) Importer(815301076,1909f56bfc062723c751e8b465ee728b)
Start importing Assets/asset/5bomb.png using Guid(75fad9313d4784a80902b004f457d528) Importer(815301076,1909f56bfc062723c751e8b465ee728b)  -> (artifact id: 'a11240b0a7c70f999d9385309f91c089') in 0.082966 seconds 
========================================================================
Received Prepare
Registering precompiled user dll's ...
Registered in 0.002169 seconds.
Begin MonoManager ReloadAssembly
Symbol file LoadedFromMemory doesn't match image /System/Volumes/Data/1hao/三次元/游戏设计/programming for games/Navigation System HW/Week 3 Nav HW/Library/PackageCache/com.unity.visualscripting@1.8.0/Editor/VisualScripting.Core/Dependencies/YamlDotNet/Unity.VisualScripting.YamlDotNet.dll
Symbol file LoadedFromMemory doesn't match image /System/Volumes/Data/1hao/三次元/游戏设计/programming for games/Navigation System HW/Week 3 Nav HW/Library/PackageCache/com.unity.visualscripting@1.8.0/Editor/VisualScripting.Core/Dependencies/DotNetZip/Unity.VisualScripting.IonicZip.dll
Native extension for OSXStandalone target not found
Native extension for WebGL target not found
Refreshing native plugins compatible for Editor in 0.59 ms, found 2 plugins.
Preloading 0 native plugins for Editor in 0.00 ms.
Mono: successfully reloaded assembly
- Completed reload, in  1.266 seconds
Domain Reload Profiling:
	ReloadAssembly (1267ms)
		BeginReloadAssembly (152ms)
			ExecutionOrderSort (0ms)
			DisableScriptedObjects (6ms)
			BackupInstance (0ms)
			ReleaseScriptingObjects (0ms)
			CreateAndSetChildDomain (66ms)
		EndReloadAssembly (995ms)
			LoadAssemblies (69ms)
			RebuildTransferFunctionScriptingTraits (0ms)
			SetupTypeCache (369ms)
			ReleaseScriptCaches (1ms)
			RebuildScriptCaches (55ms)
			SetupLoadedEditorAssemblies (427ms)
				LogAssemblyErrors (0ms)
				InitializePlatformSupportModulesInManaged (12ms)
				SetLoadedEditorAssemblies (1ms)
				RefreshPlugins (1ms)
				BeforeProcessingInitializeOnLoad (74ms)
				ProcessInitializeOnLoadAttributes (306ms)
				ProcessInitializeOnLoadMethodAttributes (32ms)
				AfterProcessingInitializeOnLoad (1ms)
				EditorAssembliesLoaded (0ms)
			ExecutionOrderSort2 (0ms)
			AwakeInstancesAfterBackupRestoration (5ms)
Platform modules already initialized, skipping
Refreshing native plugins compatible for Editor in 1.47 ms, found 2 plugins.
Preloading 0 native plugins for Editor in 0.00 ms.
Unloading 3415 Unused Serialized files (Serialized files now loaded: 0)
Unloading 19 unused Assets / (45.8 KB). Loaded Objects now: 3936.
Memory consumption went from 128.5 MB to 128.5 MB.
Total: 3.221373 ms (FindLiveObjects: 0.283194 ms CreateObjectMapping: 0.185166 ms MarkObjects: 2.683776 ms  DeleteObjects: 0.068489 ms)

AssetImportParameters requested are different than current active one (requested -> active):
  custom:video-decoder-ogg-theora: a1e56fd34408186e4bbccfd4996cb3dc -> 
  custom:container-muxer-webm: aa71ff27fc2769a1b78a27578f13a17b -> 
  custom:container-demuxer-webm: 4f35f7cbe854078d1ac9338744f61a02 -> 
  custom:video-encoder-webm-vp8: eb34c28f22e8b96e1ab97ce403110664 -> 
  custom:framework-osx-AVFoundation: e770b220cccbd017edd2c1fefb359320 -> 
  custom:audio-encoder-webm-vorbis: bf7c407c2cedff20999df2af8eb42d56 -> 
  custom:container-demuxer-ogg: 62fdf1f143b41e24485cea50d1cbac27 -> 
  custom:video-decoder-webm-vp8: 9c59270c3fd7afecdb556c50c9e8de78 -> 
  custom:audio-decoder-ogg-vorbis: bf7c407c2cedff20999df2af8eb42d56 -> 
========================================================================
Received Prepare
Registering precompiled user dll's ...
Registered in 0.002513 seconds.
Begin MonoManager ReloadAssembly
Symbol file LoadedFromMemory doesn't match image /System/Volumes/Data/1hao/三次元/游戏设计/programming for games/Navigation System HW/Week 3 Nav HW/Library/PackageCache/com.unity.visualscripting@1.8.0/Editor/VisualScripting.Core/Dependencies/YamlDotNet/Unity.VisualScripting.YamlDotNet.dll
Symbol file LoadedFromMemory doesn't match image /System/Volumes/Data/1hao/三次元/游戏设计/programming for games/Navigation System HW/Week 3 Nav HW/Library/PackageCache/com.unity.visualscripting@1.8.0/Editor/VisualScripting.Core/Dependencies/DotNetZip/Unity.VisualScripting.IonicZip.dll
Native extension for OSXStandalone target not found
Native extension for WebGL target not found
Refreshing native plugins compatible for Editor in 0.60 ms, found 2 plugins.
Preloading 0 native plugins for Editor in 0.00 ms.
Mono: successfully reloaded assembly
- Completed reload, in  1.239 seconds
Domain Reload Profiling:
	ReloadAssembly (1240ms)
		BeginReloadAssembly (147ms)
			ExecutionOrderSort (0ms)
			DisableScriptedObjects (6ms)
			BackupInstance (0ms)
			ReleaseScriptingObjects (0ms)
			CreateAndSetChildDomain (62ms)
		EndReloadAssembly (980ms)
			LoadAssemblies (67ms)
			RebuildTransferFunctionScriptingTraits (0ms)
			SetupTypeCache (350ms)
			ReleaseScriptCaches (1ms)
			RebuildScriptCaches (56ms)
			SetupLoadedEditorAssemblies (432ms)
				LogAssemblyErrors (0ms)
				InitializePlatformSupportModulesInManaged (13ms)
				SetLoadedEditorAssemblies (1ms)
				RefreshPlugins (1ms)
				BeforeProcessingInitializeOnLoad (75ms)
				ProcessInitializeOnLoadAttributes (309ms)
				ProcessInitializeOnLoadMethodAttributes (31ms)
				AfterProcessingInitializeOnLoad (1ms)
				EditorAssembliesLoaded (0ms)
			ExecutionOrderSort2 (0ms)
			AwakeInstancesAfterBackupRestoration (5ms)
Platform modules already initialized, skipping
Refreshing native plugins compatible for Editor in 1.33 ms, found 2 plugins.
Preloading 0 native plugins for Editor in 0.00 ms.
Unloading 3415 Unused Serialized files (Serialized files now loaded: 0)
Unloading 19 unused Assets / (45.6 KB). Loaded Objects now: 3939.
Memory consumption went from 128.6 MB to 128.5 MB.
Total: 3.605707 ms (FindLiveObjects: 0.278218 ms CreateObjectMapping: 0.216492 ms MarkObjects: 3.037180 ms  DeleteObjects: 0.072776 ms)

AssetImportParameters requested are different than current active one (requested -> active):
  custom:video-decoder-ogg-theora: a1e56fd34408186e4bbccfd4996cb3dc -> 
  custom:container-muxer-webm: aa71ff27fc2769a1b78a27578f13a17b -> 
  custom:container-demuxer-webm: 4f35f7cbe854078d1ac9338744f61a02 -> 
  custom:video-encoder-webm-vp8: eb34c28f22e8b96e1ab97ce403110664 -> 
  custom:framework-osx-AVFoundation: e770b220cccbd017edd2c1fefb359320 -> 
  custom:audio-encoder-webm-vorbis: bf7c407c2cedff20999df2af8eb42d56 -> 
  custom:container-demuxer-ogg: 62fdf1f143b41e24485cea50d1cbac27 -> 
  custom:video-decoder-webm-vp8: 9c59270c3fd7afecdb556c50c9e8de78 -> 
  custom:audio-decoder-ogg-vorbis: bf7c407c2cedff20999df2af8eb42d56 -> 
========================================================================
Received Prepare
Registering precompiled user dll's ...
Registered in 0.002176 seconds.
Begin MonoManager ReloadAssembly
Symbol file LoadedFromMemory doesn't match image /System/Volumes/Data/1hao/三次元/游戏设计/programming for games/Navigation System HW/Week 3 Nav HW/Library/PackageCache/com.unity.visualscripting@1.8.0/Editor/VisualScripting.Core/Dependencies/YamlDotNet/Unity.VisualScripting.YamlDotNet.dll
Symbol file LoadedFromMemory doesn't match image /System/Volumes/Data/1hao/三次元/游戏设计/programming for games/Navigation System HW/Week 3 Nav HW/Library/PackageCache/com.unity.visualscripting@1.8.0/Editor/VisualScripting.Core/Dependencies/DotNetZip/Unity.VisualScripting.IonicZip.dll
Native extension for OSXStandalone target not found
Native extension for WebGL target not found
Refreshing native plugins compatible for Editor in 0.50 ms, found 2 plugins.
Preloading 0 native plugins for Editor in 0.00 ms.
Mono: successfully reloaded assembly
- Completed reload, in  1.234 seconds
Domain Reload Profiling:
	ReloadAssembly (1235ms)
		BeginReloadAssembly (147ms)
			ExecutionOrderSort (0ms)
			DisableScriptedObjects (6ms)
			BackupInstance (0ms)
			ReleaseScriptingObjects (0ms)
			CreateAndSetChildDomain (62ms)
		EndReloadAssembly (977ms)
			LoadAssemblies (67ms)
			RebuildTransferFunctionScriptingTraits (0ms)
			SetupTypeCache (360ms)
			ReleaseScriptCaches (1ms)
			RebuildScriptCaches (56ms)
			SetupLoadedEditorAssemblies (423ms)
				LogAssemblyErrors (0ms)
				InitializePlatformSupportModulesInManaged (12ms)
				SetLoadedEditorAssemblies (1ms)
				RefreshPlugins (1ms)
				BeforeProcessingInitializeOnLoad (73ms)
				ProcessInitializeOnLoadAttributes (303ms)
				ProcessInitializeOnLoadMethodAttributes (32ms)
				AfterProcessingInitializeOnLoad (1ms)
				EditorAssembliesLoaded (0ms)
			ExecutionOrderSort2 (0ms)
			AwakeInstancesAfterBackupRestoration (5ms)
Platform modules already initialized, skipping
Refreshing native plugins compatible for Editor in 1.93 ms, found 2 plugins.
Preloading 0 native plugins for Editor in 0.00 ms.
Unloading 3415 Unused Serialized files (Serialized files now loaded: 0)
Unloading 19 unused Assets / (45.7 KB). Loaded Objects now: 3942.
Memory consumption went from 128.6 MB to 128.5 MB.
Total: 3.357795 ms (FindLiveObjects: 0.274824 ms CreateObjectMapping: 0.250931 ms MarkObjects: 2.765298 ms  DeleteObjects: 0.065868 ms)

AssetImportParameters requested are different than current active one (requested -> active):
  custom:video-decoder-ogg-theora: a1e56fd34408186e4bbccfd4996cb3dc -> 
  custom:container-muxer-webm: aa71ff27fc2769a1b78a27578f13a17b -> 
  custom:container-demuxer-webm: 4f35f7cbe854078d1ac9338744f61a02 -> 
  custom:video-encoder-webm-vp8: eb34c28f22e8b96e1ab97ce403110664 -> 
  custom:framework-osx-AVFoundation: e770b220cccbd017edd2c1fefb359320 -> 
  custom:audio-encoder-webm-vorbis: bf7c407c2cedff20999df2af8eb42d56 -> 
  custom:container-demuxer-ogg: 62fdf1f143b41e24485cea50d1cbac27 -> 
  custom:video-decoder-webm-vp8: 9c59270c3fd7afecdb556c50c9e8de78 -> 
  custom:audio-decoder-ogg-vorbis: bf7c407c2cedff20999df2af8eb42d56 -> 
========================================================================
Received Prepare
Registering precompiled user dll's ...
Registered in 0.002222 seconds.
Begin MonoManager ReloadAssembly
Symbol file LoadedFromMemory doesn't match image /System/Volumes/Data/1hao/三次元/游戏设计/programming for games/Navigation System HW/Week 3 Nav HW/Library/PackageCache/com.unity.visualscripting@1.8.0/Editor/VisualScripting.Core/Dependencies/YamlDotNet/Unity.VisualScripting.YamlDotNet.dll
Symbol file LoadedFromMemory doesn't match image /System/Volumes/Data/1hao/三次元/游戏设计/programming for games/Navigation System HW/Week 3 Nav HW/Library/PackageCache/com.unity.visualscripting@1.8.0/Editor/VisualScripting.Core/Dependencies/DotNetZip/Unity.VisualScripting.IonicZip.dll
Native extension for OSXStandalone target not found
Native extension for WebGL target not found
Refreshing native plugins compatible for Editor in 0.77 ms, found 2 plugins.
Preloading 0 native plugins for Editor in 0.00 ms.
Mono: successfully reloaded assembly
- Completed reload, in  1.229 seconds
Domain Reload Profiling:
	ReloadAssembly (1230ms)
		BeginReloadAssembly (147ms)
			ExecutionOrderSort (0ms)
			DisableScriptedObjects (6ms)
			BackupInstance (0ms)
			ReleaseScriptingObjects (0ms)
			CreateAndSetChildDomain (63ms)
		EndReloadAssembly (969ms)
			LoadAssemblies (66ms)
			RebuildTransferFunctionScriptingTraits (0ms)
			SetupTypeCache (353ms)
			ReleaseScriptCaches (1ms)
			RebuildScriptCaches (56ms)
			SetupLoadedEditorAssemblies (418ms)
				LogAssemblyErrors (0ms)
				InitializePlatformSupportModulesInManaged (12ms)
				SetLoadedEditorAssemblies (1ms)
				RefreshPlugins (1ms)
				BeforeProcessingInitializeOnLoad (73ms)
				ProcessInitializeOnLoadAttributes (298ms)
				ProcessInitializeOnLoadMethodAttributes (32ms)
				AfterProcessingInitializeOnLoad (1ms)
				EditorAssembliesLoaded (0ms)
			ExecutionOrderSort2 (0ms)
			AwakeInstancesAfterBackupRestoration (5ms)
Platform modules already initialized, skipping
Refreshing native plugins compatible for Editor in 1.65 ms, found 2 plugins.
Preloading 0 native plugins for Editor in 0.00 ms.
Unloading 3415 Unused Serialized files (Serialized files now loaded: 0)
Unloading 19 unused Assets / (45.9 KB). Loaded Objects now: 3945.
Memory consumption went from 128.6 MB to 128.5 MB.
Total: 3.500496 ms (FindLiveObjects: 0.283452 ms CreateObjectMapping: 0.192351 ms MarkObjects: 2.954241 ms  DeleteObjects: 0.069403 ms)

AssetImportParameters requested are different than current active one (requested -> active):
  custom:video-decoder-ogg-theora: a1e56fd34408186e4bbccfd4996cb3dc -> 
  custom:container-muxer-webm: aa71ff27fc2769a1b78a27578f13a17b -> 
  custom:container-demuxer-webm: 4f35f7cbe854078d1ac9338744f61a02 -> 
  custom:video-encoder-webm-vp8: eb34c28f22e8b96e1ab97ce403110664 -> 
  custom:framework-osx-AVFoundation: e770b220cccbd017edd2c1fefb359320 -> 
  custom:audio-encoder-webm-vorbis: bf7c407c2cedff20999df2af8eb42d56 -> 
  custom:container-demuxer-ogg: 62fdf1f143b41e24485cea50d1cbac27 -> 
  custom:video-decoder-webm-vp8: 9c59270c3fd7afecdb556c50c9e8de78 -> 
  custom:audio-decoder-ogg-vorbis: bf7c407c2cedff20999df2af8eb42d56 -> 
========================================================================
Received Prepare
Registering precompiled user dll's ...
Registered in 0.002207 seconds.
Begin MonoManager ReloadAssembly
Symbol file LoadedFromMemory doesn't match image /System/Volumes/Data/1hao/三次元/游戏设计/programming for games/Navigation System HW/Week 3 Nav HW/Library/PackageCache/com.unity.visualscripting@1.8.0/Editor/VisualScripting.Core/Dependencies/YamlDotNet/Unity.VisualScripting.YamlDotNet.dll
Symbol file LoadedFromMemory doesn't match image /System/Volumes/Data/1hao/三次元/游戏设计/programming for games/Navigation System HW/Week 3 Nav HW/Library/PackageCache/com.unity.visualscripting@1.8.0/Editor/VisualScripting.Core/Dependencies/DotNetZip/Unity.VisualScripting.IonicZip.dll
Native extension for OSXStandalone target not found
Native extension for WebGL target not found
Refreshing native plugins compatible for Editor in 0.60 ms, found 2 plugins.
Preloading 0 native plugins for Editor in 0.00 ms.
Mono: successfully reloaded assembly
- Completed reload, in  1.238 seconds
Domain Reload Profiling:
	ReloadAssembly (1238ms)
		BeginReloadAssembly (164ms)
			ExecutionOrderSort (0ms)
			DisableScriptedObjects (7ms)
			BackupInstance (0ms)
			ReleaseScriptingObjects (0ms)
			CreateAndSetChildDomain (70ms)
		EndReloadAssembly (960ms)
			LoadAssemblies (72ms)
			RebuildTransferFunctionScriptingTraits (0ms)
			SetupTypeCache (383ms)
			ReleaseScriptCaches (1ms)
			RebuildScriptCaches (54ms)
			SetupLoadedEditorAssemblies (394ms)
				LogAssemblyErrors (0ms)
				InitializePlatformSupportModulesInManaged (11ms)
				SetLoadedEditorAssemblies (1ms)
				RefreshPlugins (1ms)
				BeforeProcessingInitializeOnLoad (72ms)
				ProcessInitializeOnLoadAttributes (283ms)
				ProcessInitializeOnLoadMethodAttributes (26ms)
				AfterProcessingInitializeOnLoad (1ms)
				EditorAssembliesLoaded (0ms)
			ExecutionOrderSort2 (0ms)
			AwakeInstancesAfterBackupRestoration (5ms)
Platform modules already initialized, skipping
Refreshing native plugins compatible for Editor in 2.47 ms, found 2 plugins.
Preloading 0 native plugins for Editor in 0.00 ms.
Unloading 3416 Unused Serialized files (Serialized files now loaded: 0)
Unloading 19 unused Assets / (45.5 KB). Loaded Objects now: 3949.
Memory consumption went from 128.6 MB to 128.6 MB.
Total: 3.331145 ms (FindLiveObjects: 0.281657 ms CreateObjectMapping: 0.209869 ms MarkObjects: 2.765271 ms  DeleteObjects: 0.073362 ms)

AssetImportParameters requested are different than current active one (requested -> active):
  custom:video-decoder-ogg-theora: a1e56fd34408186e4bbccfd4996cb3dc -> 
  custom:container-muxer-webm: aa71ff27fc2769a1b78a27578f13a17b -> 
  custom:container-demuxer-webm: 4f35f7cbe854078d1ac9338744f61a02 -> 
  custom:video-encoder-webm-vp8: eb34c28f22e8b96e1ab97ce403110664 -> 
  custom:framework-osx-AVFoundation: e770b220cccbd017edd2c1fefb359320 -> 
  custom:audio-encoder-webm-vorbis: bf7c407c2cedff20999df2af8eb42d56 -> 
  custom:container-demuxer-ogg: 62fdf1f143b41e24485cea50d1cbac27 -> 
  custom:video-decoder-webm-vp8: 9c59270c3fd7afecdb556c50c9e8de78 -> 
  custom:audio-decoder-ogg-vorbis: bf7c407c2cedff20999df2af8eb42d56 -> 
========================================================================
Received Import Request.
  Time since last request: 1310.508715 seconds.
  path: Assets/blinkyFungi.prefab
  artifactKey: Guid(3020bec26ba814c3a991a99fc0f7dec1) Importer(815301076,1909f56bfc062723c751e8b465ee728b)
Start importing Assets/blinkyFungi.prefab using Guid(3020bec26ba814c3a991a99fc0f7dec1) Importer(815301076,1909f56bfc062723c751e8b465ee728b)  -> (artifact id: 'd1bf49bc0b7cb9f35b400730c9babc8e') in 0.998565 seconds 
========================================================================
Received Import Request.
  Time since last request: 0.000122 seconds.
  path: Assets/bunnyBarrel.prefab
  artifactKey: Guid(f03776e3416464ed3b2eec2aafa1d20f) Importer(815301076,1909f56bfc062723c751e8b465ee728b)
Start importing Assets/bunnyBarrel.prefab using Guid(f03776e3416464ed3b2eec2aafa1d20f) Importer(815301076,1909f56bfc062723c751e8b465ee728b)  -> (artifact id: 'd041bfd700235acacb64ccb19c3d0fa3') in 0.045576 seconds 
Editor requested this worker to shutdown with reason: Scaling down because of idle timeout
AssetImportWorker is now disconnected from the server
Process exiting
