Unity Editor version:    2021.3.17f1 (3e8111cac19d)
Branch:                  2021.3/release
Build type:              Release
Batch mode:              YES
macOS version:           Version 12.4 (Build 21F79)
Darwin version:          21.5.0
Architecture:            x86_64
Running under Rosetta:   NO
Available memory:        16384 MB
Using pre-set license
Pro License: YES

COMMAND LINE ARGUMENTS:
/Applications/Unity/Hub/Editor/2021.3.17f1/Unity.app/Contents/MacOS/Unity
-adb2
-batchMode
-noUpm
-name
AssetImportWorker1
-projectPath
/System/Volumes/Data/1hao/三次元/游戏设计/programming for games/Navigation System HW/Week 3 Nav HW
-logFile
Logs/AssetImportWorker1.log
-srvPort
57623
Successfully changed project path to: /System/Volumes/Data/1hao/三次元/游戏设计/programming for games/Navigation System HW/Week 3 Nav HW
/System/Volumes/Data/1hao/三次元/游戏设计/programming for games/Navigation System HW/Week 3 Nav HW
[UnityMemory] Configuration Parameters - Can be set up in boot.config
    "memorysetup-bucket-allocator-granularity=16"
    "memorysetup-bucket-allocator-bucket-count=8"
    "memorysetup-bucket-allocator-block-size=33554432"
    "memorysetup-bucket-allocator-block-count=8"
    "memorysetup-main-allocator-block-size=16777216"
    "memorysetup-thread-allocator-block-size=16777216"
    "memorysetup-gfx-main-allocator-block-size=16777216"
    "memorysetup-gfx-thread-allocator-block-size=16777216"
    "memorysetup-cache-allocator-block-size=4194304"
    "memorysetup-typetree-allocator-block-size=2097152"
    "memorysetup-profiler-bucket-allocator-granularity=16"
    "memorysetup-profiler-bucket-allocator-bucket-count=8"
    "memorysetup-profiler-bucket-allocator-block-size=33554432"
    "memorysetup-profiler-bucket-allocator-block-count=8"
    "memorysetup-profiler-allocator-block-size=16777216"
    "memorysetup-profiler-editor-allocator-block-size=1048576"
    "memorysetup-temp-allocator-size-main=16777216"
    "memorysetup-job-temp-allocator-block-size=2097152"
    "memorysetup-job-temp-allocator-block-size-background=1048576"
    "memorysetup-job-temp-allocator-reduction-small-platforms=262144"
    "memorysetup-temp-allocator-size-background-worker=32768"
    "memorysetup-temp-allocator-size-job-worker=262144"
    "memorysetup-temp-allocator-size-preload-manager=33554432"
    "memorysetup-temp-allocator-size-nav-mesh-worker=65536"
    "memorysetup-temp-allocator-size-audio-worker=65536"
    "memorysetup-temp-allocator-size-cloud-worker=32768"
    "memorysetup-temp-allocator-size-gi-baking-worker=262144"
    "memorysetup-temp-allocator-size-gfx=262144"
Player connection [4639561216] Host "[IP] 192.168.1.125 [Port] 0 [Flags] 2 [Guid] 3356973433 [EditorId] 3356973433 [Version] 1048832 [Id] OSXEditor(0,MacBook-Pro.verizon.net) [Debug] 1 [PackageName] OSXEditor [ProjectName] Editor" joined multi-casting on [225.0.0.222:54997]...

Player connection [4639561216] Host "[IP] 192.168.1.125 [Port] 0 [Flags] 2 [Guid] 3356973433 [EditorId] 3356973433 [Version] 1048832 [Id] OSXEditor(0,MacBook-Pro.verizon.net) [Debug] 1 [PackageName] OSXEditor [ProjectName] Editor" joined alternative multi-casting on [225.0.0.222:34997]...

Refreshing native plugins compatible for Editor in 91.03 ms, found 2 plugins.
Preloading 0 native plugins for Editor in 0.00 ms.
Initialize engine version: 2021.3.17f1 (3e8111cac19d)
[Subsystems] Discovering subsystems at path /Applications/Unity/Hub/Editor/2021.3.17f1/Unity.app/Contents/Resources/UnitySubsystems
[Subsystems] Discovering subsystems at path /System/Volumes/Data/1hao/三次元/游戏设计/programming for games/Navigation System HW/Week 3 Nav HW/Assets
GfxDevice: creating device client; threaded=0; jobified=0
Color LCD preferred device: AMD Radeon Pro 560X (high power)
Metal devices available: 2
0: AMD Radeon Pro 560X (high power)
1: Intel(R) UHD Graphics 630 (low power)
Using device AMD Radeon Pro 560X (high power)
Initializing Metal device caps: AMD Radeon Pro 560X
Initialize mono
Mono path[0] = '/Applications/Unity/Hub/Editor/2021.3.17f1/Unity.app/Contents/Managed'
Mono path[1] = '/Applications/Unity/Hub/Editor/2021.3.17f1/Unity.app/Contents/MonoBleedingEdge/lib/mono/unityjit-macos'
Mono config path = '/Applications/Unity/Hub/Editor/2021.3.17f1/Unity.app/Contents/MonoBleedingEdge/etc'
Using monoOptions --debugger-agent=transport=dt_socket,embedding=1,server=y,suspend=n,address=127.0.0.1:56325
Begin MonoManager ReloadAssembly
Registering precompiled unity dll's ...
Register platform support module: /Applications/Unity/Hub/Editor/2021.3.17f1/PlaybackEngines/WebGLSupport/UnityEditor.WebGL.Extensions.dll
Register platform support module: /Applications/Unity/Hub/Editor/2021.3.17f1/Unity.app/Contents/PlaybackEngines/MacStandaloneSupport/UnityEditor.OSXStandalone.Extensions.dll
Registered in 0.002311 seconds.
Native extension for OSXStandalone target not found
Native extension for WebGL target not found
Refreshing native plugins compatible for Editor in 84.07 ms, found 2 plugins.
Preloading 0 native plugins for Editor in 0.00 ms.
Mono: successfully reloaded assembly
- Completed reload, in  0.807 seconds
Domain Reload Profiling:
	ReloadAssembly (808ms)
		BeginReloadAssembly (126ms)
			ExecutionOrderSort (0ms)
			DisableScriptedObjects (0ms)
			BackupInstance (0ms)
			ReleaseScriptingObjects (0ms)
			CreateAndSetChildDomain (1ms)
		EndReloadAssembly (543ms)
			LoadAssemblies (128ms)
			RebuildTransferFunctionScriptingTraits (0ms)
			SetupTypeCache (143ms)
			ReleaseScriptCaches (0ms)
			RebuildScriptCaches (34ms)
			SetupLoadedEditorAssemblies (310ms)
				LogAssemblyErrors (0ms)
				InitializePlatformSupportModulesInManaged (8ms)
				SetLoadedEditorAssemblies (0ms)
				RefreshPlugins (84ms)
				BeforeProcessingInitializeOnLoad (1ms)
				ProcessInitializeOnLoadAttributes (168ms)
				ProcessInitializeOnLoadMethodAttributes (49ms)
				AfterProcessingInitializeOnLoad (0ms)
				EditorAssembliesLoaded (0ms)
			ExecutionOrderSort2 (0ms)
			AwakeInstancesAfterBackupRestoration (0ms)
Platform modules already initialized, skipping
Registering precompiled user dll's ...
Registered in 0.013620 seconds.
Begin MonoManager ReloadAssembly
Symbol file LoadedFromMemory doesn't match image /System/Volumes/Data/1hao/三次元/游戏设计/programming for games/Navigation System HW/Week 3 Nav HW/Library/PackageCache/com.unity.visualscripting@1.8.0/Editor/VisualScripting.Core/Dependencies/YamlDotNet/Unity.VisualScripting.YamlDotNet.dll
Symbol file LoadedFromMemory doesn't match image /System/Volumes/Data/1hao/三次元/游戏设计/programming for games/Navigation System HW/Week 3 Nav HW/Library/PackageCache/com.unity.visualscripting@1.8.0/Editor/VisualScripting.Core/Dependencies/DotNetZip/Unity.VisualScripting.IonicZip.dll
Native extension for OSXStandalone target not found
Native extension for WebGL target not found
Refreshing native plugins compatible for Editor in 0.61 ms, found 2 plugins.
Preloading 0 native plugins for Editor in 0.00 ms.
Mono: successfully reloaded assembly
- Completed reload, in  1.281 seconds
Domain Reload Profiling:
	ReloadAssembly (1281ms)
		BeginReloadAssembly (114ms)
			ExecutionOrderSort (0ms)
			DisableScriptedObjects (8ms)
			BackupInstance (0ms)
			ReleaseScriptingObjects (0ms)
			CreateAndSetChildDomain (30ms)
		EndReloadAssembly (1002ms)
			LoadAssemblies (106ms)
			RebuildTransferFunctionScriptingTraits (0ms)
			SetupTypeCache (359ms)
			ReleaseScriptCaches (1ms)
			RebuildScriptCaches (66ms)
			SetupLoadedEditorAssemblies (413ms)
				LogAssemblyErrors (0ms)
				InitializePlatformSupportModulesInManaged (5ms)
				SetLoadedEditorAssemblies (1ms)
				RefreshPlugins (1ms)
				BeforeProcessingInitializeOnLoad (82ms)
				ProcessInitializeOnLoadAttributes (291ms)
				ProcessInitializeOnLoadMethodAttributes (33ms)
				AfterProcessingInitializeOnLoad (1ms)
				EditorAssembliesLoaded (0ms)
			ExecutionOrderSort2 (0ms)
			AwakeInstancesAfterBackupRestoration (5ms)
Platform modules already initialized, skipping
========================================================================
Worker process is ready to serve import requests
Launching external process: /Applications/Unity/Hub/Editor/2021.3.17f1/Unity.app/Contents/Tools/UnityShaderCompiler
Launched and connected shader compiler UnityShaderCompiler after 0.06 seconds
Refreshing native plugins compatible for Editor in 0.55 ms, found 2 plugins.
Preloading 0 native plugins for Editor in 0.00 ms.
Unloading 3434 Unused Serialized files (Serialized files now loaded: 0)
Unloading 26 unused Assets / (65.9 KB). Loaded Objects now: 3892.
Memory consumption went from 115.5 MB to 115.4 MB.
Total: 4.164884 ms (FindLiveObjects: 0.301284 ms CreateObjectMapping: 0.247040 ms MarkObjects: 3.493288 ms  DeleteObjects: 0.122271 ms)

AssetImportParameters requested are different than current active one (requested -> active):
  custom:video-decoder-ogg-theora: a1e56fd34408186e4bbccfd4996cb3dc -> 
  custom:container-muxer-webm: aa71ff27fc2769a1b78a27578f13a17b -> 
  custom:container-demuxer-webm: 4f35f7cbe854078d1ac9338744f61a02 -> 
  custom:video-encoder-webm-vp8: eb34c28f22e8b96e1ab97ce403110664 -> 
  custom:framework-osx-AVFoundation: e770b220cccbd017edd2c1fefb359320 -> 
  custom:audio-encoder-webm-vorbis: bf7c407c2cedff20999df2af8eb42d56 -> 
  custom:container-demuxer-ogg: 62fdf1f143b41e24485cea50d1cbac27 -> 
  custom:video-decoder-webm-vp8: 9c59270c3fd7afecdb556c50c9e8de78 -> 
  custom:audio-decoder-ogg-vorbis: bf7c407c2cedff20999df2af8eb42d56 -> 
========================================================================
Received Import Request.
  Time since last request: 204287.610883 seconds.
  path: Assets/animation/bigBoi.controller
  artifactKey: Guid(38d763f6f927e469da840038a22cdf55) Importer(815301076,1909f56bfc062723c751e8b465ee728b)
Start importing Assets/animation/bigBoi.controller using Guid(38d763f6f927e469da840038a22cdf55) Importer(815301076,1909f56bfc062723c751e8b465ee728b)  -> (artifact id: 'b6762a3f2de3e1a811bf92af880528cc') in 0.823530 seconds 
========================================================================
Received Import Request.
  Time since last request: 190.228554 seconds.
  path: Assets/asset/3laser.png
  artifactKey: Guid(013458c48f1ec4c6482904ff6609f6c7) Importer(815301076,1909f56bfc062723c751e8b465ee728b)
Start importing Assets/asset/3laser.png using Guid(013458c48f1ec4c6482904ff6609f6c7) Importer(815301076,1909f56bfc062723c751e8b465ee728b)  -> (artifact id: 'b1b52727bda5df6801fb732ce2ca64f9') in 0.844945 seconds 
========================================================================
Received Import Request.
  Time since last request: 0.000084 seconds.
  path: Assets/asset/hit3.png
  artifactKey: Guid(00a7bab3e229843d3b450cb3f2586a69) Importer(815301076,1909f56bfc062723c751e8b465ee728b)
Start importing Assets/asset/hit3.png using Guid(00a7bab3e229843d3b450cb3f2586a69) Importer(815301076,1909f56bfc062723c751e8b465ee728b)  -> (artifact id: 'e82adaf93eedabb6f0b7a821f069c8a4') in 0.082072 seconds 
========================================================================
Received Import Request.
  Time since last request: 0.000060 seconds.
  path: Assets/asset/bunnyBarrel0.png
  artifactKey: Guid(a1fa57d95466449269830d3292d191e4) Importer(815301076,1909f56bfc062723c751e8b465ee728b)
Start importing Assets/asset/bunnyBarrel0.png using Guid(a1fa57d95466449269830d3292d191e4) Importer(815301076,1909f56bfc062723c751e8b465ee728b)  -> (artifact id: '19e4d6851c034b119b505498eba51d08') in 0.051211 seconds 
========================================================================
Received Import Request.
  Time since last request: 0.000072 seconds.
  path: Assets/asset/big_boi_hurt.png
  artifactKey: Guid(15eb1f77a25484de68d1b99a9e08cee7) Importer(815301076,1909f56bfc062723c751e8b465ee728b)
Start importing Assets/asset/big_boi_hurt.png using Guid(15eb1f77a25484de68d1b99a9e08cee7) Importer(815301076,1909f56bfc062723c751e8b465ee728b)  -> (artifact id: 'be6afb13c3d60b339c13888c0f761c4b') in 0.115798 seconds 
========================================================================
Received Import Request.
  Time since last request: 0.000101 seconds.
  path: Assets/asset/turret_5.png
  artifactKey: Guid(0fb5a7fcbb9324bd4b610b31b6bd7246) Importer(815301076,1909f56bfc062723c751e8b465ee728b)
Start importing Assets/asset/turret_5.png using Guid(0fb5a7fcbb9324bd4b610b31b6bd7246) Importer(815301076,1909f56bfc062723c751e8b465ee728b)  -> (artifact id: '8959a3d0aaa10530f87a7d0bdaccf07c') in 0.018364 seconds 
========================================================================
Received Import Request.
  Time since last request: 0.000074 seconds.
  path: Assets/asset/cursor.png
  artifactKey: Guid(226c85067dc3e45d3a1e87321ae06daa) Importer(815301076,1909f56bfc062723c751e8b465ee728b)
Start importing Assets/asset/cursor.png using Guid(226c85067dc3e45d3a1e87321ae06daa) Importer(815301076,1909f56bfc062723c751e8b465ee728b)  -> (artifact id: '58e31d3423cdd6cfa2cabcb9a174cf90') in 0.023920 seconds 
========================================================================
Received Import Request.
  Time since last request: 0.000072 seconds.
  path: Assets/asset/sdSpawn.wav
  artifactKey: Guid(641ad66369ed94587a0400d5772e9c8f) Importer(815301076,1909f56bfc062723c751e8b465ee728b)
Start importing Assets/asset/sdSpawn.wav using Guid(641ad66369ed94587a0400d5772e9c8f) Importer(815301076,1909f56bfc062723c751e8b465ee728b)  -> (artifact id: '54dfc91542473b92a9c6eace46ea965b') in 1.443220 seconds 
========================================================================
Received Import Request.
  Time since last request: 0.000078 seconds.
  path: Assets/asset/pumpkinGhost0.png
  artifactKey: Guid(af6f6391edd344f45b781a381dacfbae) Importer(815301076,1909f56bfc062723c751e8b465ee728b)
Start importing Assets/asset/pumpkinGhost0.png using Guid(af6f6391edd344f45b781a381dacfbae) Importer(815301076,1909f56bfc062723c751e8b465ee728b)  -> (artifact id: 'a4405405cfe0369cbba7ef155df4d230') in 0.099500 seconds 
========================================================================
Received Import Request.
  Time since last request: 0.000064 seconds.
  path: Assets/asset/turret_3_HEAD.png
  artifactKey: Guid(c6f88d0e4e0364974a286bb2ef532d69) Importer(815301076,1909f56bfc062723c751e8b465ee728b)
Start importing Assets/asset/turret_3_HEAD.png using Guid(c6f88d0e4e0364974a286bb2ef532d69) Importer(815301076,1909f56bfc062723c751e8b465ee728b)  -> (artifact id: '2270daef52ca7133c7f771b04966695c') in 0.014693 seconds 
========================================================================
Received Import Request.
  Time since last request: 0.000073 seconds.
  path: Assets/asset/turretBase.png
  artifactKey: Guid(f16fd8b0fc7a84304bd87771b54af66f) Importer(815301076,1909f56bfc062723c751e8b465ee728b)
Start importing Assets/asset/turretBase.png using Guid(f16fd8b0fc7a84304bd87771b54af66f) Importer(815301076,1909f56bfc062723c751e8b465ee728b)  -> (artifact id: 'd89301caa8a6914c3396b979113ac730') in 0.011185 seconds 
========================================================================
Received Import Request.
  Time since last request: 0.000078 seconds.
  path: Assets/asset/hit4.png
  artifactKey: Guid(95667fc89a9554211aead38408925168) Importer(815301076,1909f56bfc062723c751e8b465ee728b)
Start importing Assets/asset/hit4.png using Guid(95667fc89a9554211aead38408925168) Importer(815301076,1909f56bfc062723c751e8b465ee728b)  -> (artifact id: 'b8650f4c921abee583f34b5e43863eea') in 0.028132 seconds 
========================================================================
Received Import Request.
  Time since last request: 0.000061 seconds.
  path: Assets/asset/blinkyFungi0.png
  artifactKey: Guid(ac419c11496ff4b8a88efe03fc666b82) Importer(815301076,1909f56bfc062723c751e8b465ee728b)
Start importing Assets/asset/blinkyFungi0.png using Guid(ac419c11496ff4b8a88efe03fc666b82) Importer(815301076,1909f56bfc062723c751e8b465ee728b)  -> (artifact id: '15a24344b57c35e5ee602ea93190e17b') in 0.040235 seconds 
========================================================================
Received Import Request.
  Time since last request: 12.576162 seconds.
  path: Assets/asset/3laser.png
  artifactKey: Guid(013458c48f1ec4c6482904ff6609f6c7) Importer(815301076,1909f56bfc062723c751e8b465ee728b)
Start importing Assets/asset/3laser.png using Guid(013458c48f1ec4c6482904ff6609f6c7) Importer(815301076,1909f56bfc062723c751e8b465ee728b)  -> (artifact id: '834aa5225ce98cbb5b99e11cf38926df') in 0.052010 seconds 
========================================================================
Received Import Request.
  Time since last request: 0.000077 seconds.
  path: Assets/asset/turret_5.png
  artifactKey: Guid(0fb5a7fcbb9324bd4b610b31b6bd7246) Importer(815301076,1909f56bfc062723c751e8b465ee728b)
Start importing Assets/asset/turret_5.png using Guid(0fb5a7fcbb9324bd4b610b31b6bd7246) Importer(815301076,1909f56bfc062723c751e8b465ee728b)  -> (artifact id: 'e25b221efc6851e85adebb9c279030c7') in 0.178640 seconds 
========================================================================
Received Import Request.
  Time since last request: 0.000080 seconds.
  path: Assets/asset/turret_3_BASE.png
  artifactKey: Guid(d5367c92398ff42ffbdcfb2cda31cc7c) Importer(815301076,1909f56bfc062723c751e8b465ee728b)
Start importing Assets/asset/turret_3_BASE.png using Guid(d5367c92398ff42ffbdcfb2cda31cc7c) Importer(815301076,1909f56bfc062723c751e8b465ee728b)  -> (artifact id: '43c331362b58d131a57cbb58fe664c37') in 0.174333 seconds 
Editor requested this worker to shutdown with reason: Scaling down because of idle timeout
AssetImportWorker is now disconnected from the server
Process exiting
